[13:06:01.050][CONSTRUCT][CLIENT][INFO] Starting building internal Registries
[13:06:01.921][CONSTRUCT][CLIENT][INFO] The following mods have explicit CraftTweaker support:
'ars_nouveau' at version '1.11.2'
'botania' at version '1.16.4-411'
'contenttweaker' at version '1.0.0.develop.11'
'crafttweaker' at version '7.1.0.103'
'jeitweaker' at version '1.0.1.5'
[13:06:02.011][CONSTRUCT][CLIENT][DEBUG] Registering crafttweaker.api.event.entity.player.MCPlayerRespawnEvent for native type 'net.minecraftforge.event.entity.player.PlayerEvent.PlayerRespawnEvent'
[13:06:02.012][CONSTRUCT][CLIENT][DEBUG] Registering crafttweaker.api.event.entity.player.MCPlayerLoggedOutEvent for native type 'net.minecraftforge.event.entity.player.PlayerEvent.PlayerLoggedOutEvent'
[13:06:02.012][CONSTRUCT][CLIENT][DEBUG] Registering crafttweaker.api.util.MCResourceLocation for native type 'net.minecraft.util.ResourceLocation'
[13:06:02.012][CONSTRUCT][CLIENT][DEBUG] Registering crafttweaker.api.entity.MCEntity for native type 'net.minecraft.entity.Entity'
[13:06:02.012][CONSTRUCT][CLIENT][DEBUG] Registering crafttweaker.api.block.material.MCMaterial for native type 'net.minecraft.block.material.Material'
[13:06:02.012][CONSTRUCT][CLIENT][DEBUG] Registering crafttweaker.api.event.entity.player.interact.MCRightClickEmptyEvent for native type 'net.minecraftforge.event.entity.player.PlayerInteractEvent.RightClickEmpty'
[13:06:02.012][CONSTRUCT][CLIENT][DEBUG] Registering crafttweaker.api.event.entity.player.MCItemSmeltedEvent for native type 'net.minecraftforge.event.entity.player.PlayerEvent.ItemSmeltedEvent'
[13:06:02.012][CONSTRUCT][CLIENT][DEBUG] Registering crafttweaker.api.event.MCEvent for native type 'net.minecraftforge.eventbus.api.Event'
[13:06:02.012][CONSTRUCT][CLIENT][DEBUG] Registering crafttweaker.api.potion.MCPotionEffect for native type 'net.minecraft.potion.Effect'
[13:06:02.012][CONSTRUCT][CLIENT][DEBUG] Registering crafttweaker.api.player.MCPlayerEntity for native type 'net.minecraft.entity.player.PlayerEntity'
[13:06:02.012][CONSTRUCT][CLIENT][DEBUG] Registering crafttweaker.api.block.material.MCMaterialColor for native type 'net.minecraft.block.material.MaterialColor'
[13:06:02.013][CONSTRUCT][CLIENT][DEBUG] Registering crafttweaker.api.event.entity.player.interact.MCPlayerInteractEvent for native type 'net.minecraftforge.event.entity.player.PlayerInteractEvent'
[13:06:02.013][CONSTRUCT][CLIENT][DEBUG] Registering crafttweaker.api.event.entity.player.MCItemPickupEvent for native type 'net.minecraftforge.event.entity.player.PlayerEvent.ItemPickupEvent'
[13:06:02.013][CONSTRUCT][CLIENT][DEBUG] Registering crafttweaker.api.event.entity.MCLivingEvent for native type 'net.minecraftforge.event.entity.living.LivingEvent'
[13:06:02.013][CONSTRUCT][CLIENT][DEBUG] Registering crafttweaker.api.item.ItemStack for native type 'net.minecraft.item.ItemStack'
[13:06:02.013][CONSTRUCT][CLIENT][DEBUG] Registering crafttweaker.api.event.entity.player.MCPlayerLoggedInEvent for native type 'net.minecraftforge.event.entity.player.PlayerEvent.PlayerLoggedInEvent'
[13:06:02.013][CONSTRUCT][CLIENT][DEBUG] Registering crafttweaker.api.villager.MCVillagerProfession for native type 'net.minecraft.entity.merchant.villager.VillagerProfession'
[13:06:02.013][CONSTRUCT][CLIENT][DEBUG] Registering crafttweaker.api.potion.MCPotionEffectInstance for native type 'net.minecraft.potion.EffectInstance'
[13:06:02.013][CONSTRUCT][CLIENT][DEBUG] Registering crafttweaker.api.world.MCWorld for native type 'net.minecraft.world.World'
[13:06:02.013][CONSTRUCT][CLIENT][DEBUG] Registering crafttweaker.api.util.DirectionAxis for native type 'net.minecraft.util.Direction.Axis'
[13:06:02.013][CONSTRUCT][CLIENT][DEBUG] Registering crafttweaker.api.fluid.MCFluid for native type 'net.minecraft.fluid.Fluid'
[13:06:02.013][CONSTRUCT][CLIENT][DEBUG] Registering crafttweaker.api.blocks.MCBlockState for native type 'net.minecraft.block.BlockState'
[13:06:02.013][CONSTRUCT][CLIENT][DEBUG] Registering crafttweaker.api.event.entity.player.MCAnvilRepairEvent for native type 'net.minecraftforge.event.entity.player.AnvilRepairEvent'
[13:06:02.014][CONSTRUCT][CLIENT][DEBUG] Registering crafttweaker.api.util.BlockPos for native type 'net.minecraft.util.math.BlockPos'
[13:06:02.014][CONSTRUCT][CLIENT][DEBUG] Registering crafttweaker.api.blocks.MCBlock for native type 'net.minecraft.block.Block'
[13:06:02.014][CONSTRUCT][CLIENT][DEBUG] Registering crafttweaker.api.item.MCItemDefinition for native type 'net.minecraft.item.Item'
[13:06:02.014][CONSTRUCT][CLIENT][DEBUG] Registering crafttweaker.api.potion.MCPotion for native type 'net.minecraft.potion.Potion'
[13:06:02.014][CONSTRUCT][CLIENT][DEBUG] Registering crafttweaker.api.item.Ingredient for native type 'net.minecraft.item.crafting.Ingredient'
[13:06:02.014][CONSTRUCT][CLIENT][DEBUG] Registering crafttweaker.api.enchantment.MCEnchantment for native type 'net.minecraft.enchantment.Enchantment'
[13:06:02.014][CONSTRUCT][CLIENT][DEBUG] Registering crafttweaker.api.entity.MCLivingEntity for native type 'net.minecraft.entity.LivingEntity'
[13:06:02.014][CONSTRUCT][CLIENT][DEBUG] Registering crafttweaker.api.event.player.MCItemCraftedEvent for native type 'net.minecraftforge.event.entity.player.PlayerEvent.ItemCraftedEvent'
[13:06:02.014][CONSTRUCT][CLIENT][DEBUG] Registering crafttweaker.api.event.entity.player.interact.MCRightClickItemEvent for native type 'net.minecraftforge.event.entity.player.PlayerInteractEvent.RightClickItem'
[13:06:02.014][CONSTRUCT][CLIENT][DEBUG] Registering crafttweaker.api.event.entity.player.interact.MCRightClickBlockEvent for native type 'net.minecraftforge.event.entity.player.PlayerInteractEvent.RightClickBlock'
[13:06:02.014][CONSTRUCT][CLIENT][DEBUG] Registering crafttweaker.api.event.entity.player.MCPlayerEvent for native type 'net.minecraftforge.event.entity.player.PlayerEvent'
[13:06:02.014][CONSTRUCT][CLIENT][DEBUG] Registering crafttweaker.api.world.MCServerWorld for native type 'net.minecraft.world.server.ServerWorld'
[13:06:02.014][CONSTRUCT][CLIENT][DEBUG] Registering crafttweaker.api.event.entity.MCEntityEvent for native type 'net.minecraftforge.event.entity.EntityEvent'
[13:06:02.015][CONSTRUCT][CLIENT][DEBUG] Registering crafttweaker.api.world.MCBiome for native type 'net.minecraft.world.biome.Biome'
[13:06:02.015][CONSTRUCT][CLIENT][DEBUG] Registering crafttweaker.api.entity.MCEntityClassification for native type 'net.minecraft.entity.EntityClassification'
[13:06:02.015][CONSTRUCT][CLIENT][DEBUG] Registering mods.contenttweaker.block.BlockTypeBuilder
[13:06:02.029][CONSTRUCT][CLIENT][DEBUG] Registering mods.contenttweaker.api.IIsBuilder
[13:06:02.030][CONSTRUCT][CLIENT][DEBUG] Registering mods.contenttweaker.item.ItemTypeBuilder
[13:06:02.031][CONSTRUCT][CLIENT][DEBUG] Registering mods.contenttweaker.BracketHandlers
[13:06:02.034][CONSTRUCT][CLIENT][DEBUG] Registering mods.contenttweaker.api.BracketDumpers
[13:06:02.037][CONSTRUCT][CLIENT][DEBUG] Registering mods.contenttweaker.api.BracketValidators
[13:06:02.042][CONSTRUCT][CLIENT][DEBUG] Registering mods.contenttweaker.item.MCItemGroup
[13:06:02.045][CONSTRUCT][CLIENT][DEBUG] Registering mods.contenttweaker.item.MCToolType
[13:06:02.128][CONSTRUCT][CLIENT][DEBUG] Registering mods.contenttweaker.block.BlockBuilder
[13:06:02.131][CONSTRUCT][CLIENT][DEBUG] Registering mods.contenttweaker.block.slab.BlockBuilderSlab
[13:06:02.131][CONSTRUCT][CLIENT][DEBUG] Registering mods.contenttweaker.block.basic.BlockBuilderBasic
[13:06:02.132][CONSTRUCT][CLIENT][DEBUG] Registering mods.contenttweaker.block.pillar.BlockBuilderPillarRotatable
[13:06:02.132][CONSTRUCT][CLIENT][DEBUG] Registering mods.contenttweaker.block.stairs.BlockBuilderStairs
[13:06:02.132][CONSTRUCT][CLIENT][DEBUG] Registering mods.contenttweaker.item.ItemBuilder
[13:06:02.133][CONSTRUCT][CLIENT][DEBUG] Registering mods.contenttweaker.item.basic.ItemBuilderBasic
[13:06:02.133][CONSTRUCT][CLIENT][DEBUG] Registering mods.contenttweaker.item.tool.ItemBuilderTool
[13:06:02.134][CONSTRUCT][CLIENT][DEBUG] Registering mods.botania.RuneAltar
[13:06:02.134][CONSTRUCT][CLIENT][DEBUG] Registering mods.botania.ManaInfusion
[13:06:02.135][CONSTRUCT][CLIENT][DEBUG] Registering mods.botania.ElvenTrade
[13:06:02.135][CONSTRUCT][CLIENT][DEBUG] Registering mods.botania.PureDaisy
[13:06:02.135][CONSTRUCT][CLIENT][DEBUG] Registering mods.botania.PetalApothecary
[13:06:02.135][CONSTRUCT][CLIENT][DEBUG] Registering mods.botania.TerraPlate
[13:06:02.136][CONSTRUCT][CLIENT][DEBUG] Registering mods.jei.JEI
[13:06:02.138][CONSTRUCT][CLIENT][DEBUG] Registering crafttweaker.api.ILogger
[13:06:02.139][CONSTRUCT][CLIENT][DEBUG] Registering crafttweaker.api.brackets.CommandStringDisplayable
[13:06:02.140][CONSTRUCT][CLIENT][DEBUG] Registering crafttweaker.api.recipe.RecipeFunctionMatrix
[13:06:02.140][CONSTRUCT][CLIENT][DEBUG] Registering crafttweaker.api.recipe.RecipeFunctionSingle
[13:06:02.140][CONSTRUCT][CLIENT][DEBUG] Registering crafttweaker.api.recipe.RecipeFunctionArray
[13:06:02.140][CONSTRUCT][CLIENT][DEBUG] Registering crafttweaker.api.registries.IRecipeManager
[13:06:02.140][CONSTRUCT][CLIENT][DEBUG] Registering crafttweaker.api.recipe.RecipeFilter
[13:06:02.141][CONSTRUCT][CLIENT][DEBUG] Registering crafttweaker.api.registries.ICookingRecipeManager
[13:06:02.141][CONSTRUCT][CLIENT][DEBUG] Registering crafttweaker.api.data.IData
[13:06:02.141][CONSTRUCT][CLIENT][DEBUG] Registering crafttweaker.api.data.ICollectionData
[13:06:02.141][CONSTRUCT][CLIENT][DEBUG] Registering crafttweaker.api.data.INumberData
[13:06:02.142][CONSTRUCT][CLIENT][DEBUG] Registering crafttweaker.api.fluid.IFluidStack
[13:06:02.143][CONSTRUCT][CLIENT][DEBUG] Registering crafttweaker.api.mods.ModInfo
[13:06:02.143][CONSTRUCT][CLIENT][DEBUG] Registering crafttweaker.api.mods.Mods
[13:06:02.200][CONSTRUCT][CLIENT][DEBUG] Registering crafttweaker.api.item.IIngredientTransformer
[13:06:02.200][CONSTRUCT][CLIENT][DEBUG] Registering crafttweaker.api.item.tooltip.ITooltipFunction
[13:06:02.201][CONSTRUCT][CLIENT][DEBUG] Registering crafttweaker.api.item.IIngredient
[13:06:02.201][CONSTRUCT][CLIENT][DEBUG] Registering crafttweaker.api.item.IItemStack
[13:06:02.207][CONSTRUCT][CLIENT][DEBUG] Registering crafttweaker.api.item.IIngredientWithAmount
[13:06:02.209][CONSTRUCT][CLIENT][DEBUG] Registering crafttweaker.api.item.IIngredientCondition
[13:06:02.220][CONSTRUCT][CLIENT][DEBUG] Registering crafttweaker.api.events.CTEventManager
[13:06:02.221][CONSTRUCT][CLIENT][DEBUG] Registering crafttweaker.api.entity.MCEntityType
[13:06:02.221][CONSTRUCT][CLIENT][DEBUG] Registering crafttweaker.api.util.Direction
[13:06:02.233][CONSTRUCT][CLIENT][DEBUG] Registering crafttweaker.api.util.text.MCStyle
[13:06:02.235][CONSTRUCT][CLIENT][DEBUG] Registering crafttweaker.api.util.text.MCTextComponent
[13:06:02.236][CONSTRUCT][CLIENT][DEBUG] Registering crafttweaker.api.text.TextFormatting
[13:06:02.236][CONSTRUCT][CLIENT][DEBUG] Registering crafttweaker.api.recipes.WrapperRecipe
[13:06:02.276][CONSTRUCT][CLIENT][DEBUG] Registering crafttweaker.api.RecipeTypeBracketHandler
[13:06:02.277][CONSTRUCT][CLIENT][DEBUG] Registering crafttweaker.api.BracketHandlers
[13:06:02.278][CONSTRUCT][CLIENT][DEBUG] Registering crafttweaker.api.BracketDumpers
[13:06:02.278][CONSTRUCT][CLIENT][DEBUG] Registering crafttweaker.api.BracketValidators
[13:06:02.279][CONSTRUCT][CLIENT][DEBUG] Registering crafttweaker.api.CraftingTableManager
[13:06:02.279][CONSTRUCT][CLIENT][DEBUG] Registering crafttweaker.api.FurnaceManager
[13:06:02.280][CONSTRUCT][CLIENT][DEBUG] Registering crafttweaker.api.SmithingManager
[13:06:02.280][CONSTRUCT][CLIENT][DEBUG] Registering crafttweaker.api.StoneCutterManager
[13:06:02.280][CONSTRUCT][CLIENT][DEBUG] Registering crafttweaker.api.SmokerManager
[13:06:02.280][CONSTRUCT][CLIENT][DEBUG] Registering crafttweaker.api.BlastFurnaceManager
[13:06:02.281][CONSTRUCT][CLIENT][DEBUG] Registering crafttweaker.api.CampFireManager
[13:06:02.282][CONSTRUCT][CLIENT][DEBUG] Registering crafttweaker.api.villagers.VillagerTrades
[13:06:02.283][CONSTRUCT][CLIENT][DEBUG] Registering crafttweaker.api.Composter
[13:06:02.283][CONSTRUCT][CLIENT][DEBUG] Registering crafttweaker.api.data.IntData
[13:06:02.283][CONSTRUCT][CLIENT][DEBUG] Registering crafttweaker.api.data.ByteArrayData
[13:06:02.283][CONSTRUCT][CLIENT][DEBUG] Registering crafttweaker.api.data.BoolData
[13:06:02.284][CONSTRUCT][CLIENT][DEBUG] Registering crafttweaker.api.data.StringData
[13:06:02.284][CONSTRUCT][CLIENT][DEBUG] Registering crafttweaker.api.data.LongArrayData
[13:06:02.286][CONSTRUCT][CLIENT][DEBUG] Registering crafttweaker.api.data.ByteData
[13:06:02.343][CONSTRUCT][CLIENT][DEBUG] Registering crafttweaker.api.data.DoubleData
[13:06:02.349][CONSTRUCT][CLIENT][DEBUG] Registering crafttweaker.api.data.FloatData
[13:06:02.349][CONSTRUCT][CLIENT][DEBUG] Registering crafttweaker.api.data.ListData
[13:06:02.352][CONSTRUCT][CLIENT][DEBUG] Registering crafttweaker.api.data.ShortData
[13:06:02.352][CONSTRUCT][CLIENT][DEBUG] Registering crafttweaker.api.data.IntArrayData
[13:06:02.353][CONSTRUCT][CLIENT][DEBUG] Registering crafttweaker.api.data.MapData
[13:06:02.365][CONSTRUCT][CLIENT][DEBUG] Registering crafttweaker.api.data.LongData
[13:06:02.365][CONSTRUCT][CLIENT][DEBUG] Registering crafttweaker.api.tag.MCTagWithAmount
[13:06:02.366][CONSTRUCT][CLIENT][DEBUG] Registering crafttweaker.api.tag.MCTag
[13:06:02.397][CONSTRUCT][CLIENT][DEBUG] Registering crafttweaker.api.tags.CrTTagRegistryData
[13:06:02.397][CONSTRUCT][CLIENT][DEBUG] Registering crafttweaker.api.tag.TagManager
[13:06:02.401][CONSTRUCT][CLIENT][DEBUG] Registering crafttweaker.api.tag.TagManagerBlock
[13:06:02.404][CONSTRUCT][CLIENT][DEBUG] Registering crafttweaker.api.tag.TagManagerItem
[13:06:02.404][CONSTRUCT][CLIENT][DEBUG] Registering crafttweaker.api.tag.TagManagerEntityType
[13:06:02.405][CONSTRUCT][CLIENT][DEBUG] Registering crafttweaker.api.tag.TagManagerFluid
[13:06:02.406][CONSTRUCT][CLIENT][DEBUG] Registering crafttweaker.api.game.MCGame
[13:06:02.409][CONSTRUCT][CLIENT][DEBUG] Registering crafttweaker.api.item.MCIngredientTransformed
[13:06:02.410][CONSTRUCT][CLIENT][DEBUG] Registering crafttweaker.api.item.IngredientList
[13:06:02.414][CONSTRUCT][CLIENT][DEBUG] Registering crafttweaker.api.item.MCIngredientConditioned
[13:06:02.414][CONSTRUCT][CLIENT][DEBUG] Registering crafttweaker.api.item.MCWeightedItemStack
[13:06:02.415][CONSTRUCT][CLIENT][DEBUG] Registering crafttweaker.api.food.MCFood
[13:06:02.415][CONSTRUCT][CLIENT][DEBUG] Registering crafttweaker.api.commands.custom.MCCommandDispatcher
[13:06:02.416][CONSTRUCT][CLIENT][DEBUG] Registering crafttweaker.api.commands.custom.MCCommand
[13:06:02.484][CONSTRUCT][CLIENT][DEBUG] Registering crafttweaker.api.commands.custom.MCParsedArgument
[13:06:02.485][CONSTRUCT][CLIENT][DEBUG] Registering crafttweaker.api.commands.custom.MCCommandNode
[13:06:02.485][CONSTRUCT][CLIENT][DEBUG] Registering crafttweaker.api.commands.custom.MCRootCommandNode
[13:06:02.486][CONSTRUCT][CLIENT][DEBUG] Registering crafttweaker.api.commands.custom.MCAmbiguityConsumer
[13:06:02.488][CONSTRUCT][CLIENT][DEBUG] Registering crafttweaker.api.commands.custom.MCCommandContextBuilder
[13:06:02.489][CONSTRUCT][CLIENT][DEBUG] Registering crafttweaker.api.commands.custom.MCImmutableStringReader
[13:06:02.491][CONSTRUCT][CLIENT][DEBUG] Registering crafttweaker.api.commands.custom.MCArgumentCommandNode
[13:06:02.491][CONSTRUCT][CLIENT][DEBUG] Registering crafttweaker.api.commands.custom.MCSuggestionsBuilder
[13:06:02.493][CONSTRUCT][CLIENT][DEBUG] Registering crafttweaker.api.commands.custom.MCSingleRedirectModifier
[13:06:02.494][CONSTRUCT][CLIENT][DEBUG] Registering crafttweaker.api.commands.custom.MCLiteralCommandNode
[13:06:02.494][CONSTRUCT][CLIENT][DEBUG] Registering crafttweaker.api.commands.custom.MCResultConsumer
[13:06:02.495][CONSTRUCT][CLIENT][DEBUG] Registering crafttweaker.api.commands.custom.MCRequiredArgumentBuilder
[13:06:02.497][CONSTRUCT][CLIENT][DEBUG] Registering crafttweaker.api.commands.custom.MCParseResults
[13:06:02.497][CONSTRUCT][CLIENT][DEBUG] Registering crafttweaker.api.commands.custom.MCCommandSource
[13:06:02.498][CONSTRUCT][CLIENT][DEBUG] Registering crafttweaker.api.commands.custom.CustomCommands
[13:06:02.500][CONSTRUCT][CLIENT][DEBUG] Registering crafttweaker.api.commands.custom.MCStringRange
[13:06:02.500][CONSTRUCT][CLIENT][DEBUG] Registering crafttweaker.api.commands.custom.MCLiteralArgumentBuilder
[13:06:02.502][CONSTRUCT][CLIENT][DEBUG] Registering crafttweaker.api.commands.custom.MCParsedCommandNode
[13:06:02.504][CONSTRUCT][CLIENT][DEBUG] Registering crafttweaker.api.commands.custom.MCRedirectModifier
[13:06:02.507][CONSTRUCT][CLIENT][DEBUG] Registering crafttweaker.api.commands.custom.MCSuggestion
[13:06:02.507][CONSTRUCT][CLIENT][DEBUG] Registering crafttweaker.api.commands.custom.MCArgumentBuilder
[13:06:02.513][CONSTRUCT][CLIENT][DEBUG] Registering crafttweaker.api.commands.custom.MCCommandContext
[13:06:02.513][CONSTRUCT][CLIENT][DEBUG] Registering crafttweaker.api.commands.custom.MCSuggestionProvider
[13:06:02.516][CONSTRUCT][CLIENT][DEBUG] Registering crafttweaker.api.commands.custom.MCSuggestionContext
[13:06:02.524][CONSTRUCT][CLIENT][DEBUG] Registering crafttweaker.api.commands.custom.MCSuggestions
[13:06:02.525][CONSTRUCT][CLIENT][DEBUG] Registering mods.arsnouveau.GlyphPress
[13:06:02.525][CONSTRUCT][CLIENT][DEBUG] Registering mods.arsnouveau.EnchantingApparatus
[13:06:02.593][CONSTRUCT][CLIENT][DEBUG] Registering Native TagManager with TagFolder 'blocks'
[13:06:02.596][CONSTRUCT][CLIENT][DEBUG] Registering Native TagManager with TagFolder 'items'
[13:06:02.596][CONSTRUCT][CLIENT][DEBUG] Registering Native TagManager with TagFolder 'entity_types'
[13:06:02.596][CONSTRUCT][CLIENT][DEBUG] Registering Native TagManager with TagFolder 'fluids'
[13:06:02.596][CONSTRUCT][CLIENT][INFO] Completed building internal Registries
[13:06:07.237][LOAD_REGISTRIES][CLIENT][INFO] Started loading Scripts for Loader 'contenttweaker'!
[13:06:07.244][LOAD_REGISTRIES][CLIENT][DEBUG] This is a first run. All IActions will be applied.
[13:06:07.605][LOAD_REGISTRIES][CLIENT][DEBUG] Could not get class for type string[string] attempting to do stuff anyways
[13:06:07.638][LOAD_REGISTRIES][CLIENT][DEBUG] Could not get class for type string[string] attempting to do stuff anyways
[13:06:07.638][LOAD_REGISTRIES][CLIENT][DEBUG] Could not get class for type IData[string] attempting to do stuff anyways
[13:06:07.640][LOAD_REGISTRIES][CLIENT][DEBUG] Could not get class for type IData[] attempting to do stuff anyways
[13:06:07.679][LOAD_REGISTRIES][CLIENT][DEBUG] This is loader 'contenttweaker' run #1
[13:06:07.953][LOAD_REGISTRIES][CLIENT][INFO] Finished loading Scripts!
[13:06:07.956][LOAD_REGISTRIES][CLIENT][DEBUG] Found loader mod 'openloader'
[13:06:07.961][LOAD_REGISTRIES][CLIENT][DEBUG] Found loader mod 'openloader'
[13:06:10.909][LOAD_REGISTRIES][CLIENT][DEBUG] Setting up Tag Managers
[13:06:10.909][LOAD_REGISTRIES][CLIENT][DEBUG] Creating Wrapper TagManager for type 'minecraft:potion' with tag folder 'potions'
[13:06:10.909][LOAD_REGISTRIES][CLIENT][DEBUG] Creating Wrapper TagManager for type 'minecraft:enchantment' with tag folder 'enchantments'
[13:06:10.909][LOAD_REGISTRIES][CLIENT][DEBUG] Creating Wrapper TagManager for type 'minecraft:block_entity_type' with tag folder 'tile_entity_types'
[13:06:10.909][LOAD_REGISTRIES][CLIENT][DEBUG] Could not register tag manager for tile_entity_types
[13:06:10.910][LOAD_REGISTRIES][CLIENT][DEBUG] Finished setting up Tag Managers
[13:06:22.811][COMMON_SETUP][CLIENT][INFO] Started loading Scripts for Loader 'setupCommon'!
[13:06:22.811][COMMON_SETUP][CLIENT][DEBUG] This is a first run. All IActions will be applied.
[13:06:22.869][COMMON_SETUP][CLIENT][DEBUG] Could not get class for type string[string] attempting to do stuff anyways
[13:06:22.870][COMMON_SETUP][CLIENT][DEBUG] Could not get class for type string[string] attempting to do stuff anyways
[13:06:22.870][COMMON_SETUP][CLIENT][DEBUG] Could not get class for type IData[string] attempting to do stuff anyways
[13:06:22.871][COMMON_SETUP][CLIENT][DEBUG] Could not get class for type IData[] attempting to do stuff anyways
[13:06:22.883][COMMON_SETUP][CLIENT][DEBUG] This is loader 'setupCommon' run #1
[13:06:22.894][COMMON_SETUP][CLIENT][INFO] Finished loading Scripts!
[13:17:24.234][DONE][CLIENT][INFO] Started loading Scripts for Loader 'crafttweaker'!
[13:17:24.235][DONE][CLIENT][DEBUG] This is a first run. All IActions will be applied.
[13:17:24.257][DONE][CLIENT][DEBUG] Could not get class for type string[string] attempting to do stuff anyways
[13:17:24.257][DONE][CLIENT][DEBUG] Could not get class for type string[string] attempting to do stuff anyways
[13:17:24.257][DONE][CLIENT][DEBUG] Could not get class for type IData[string] attempting to do stuff anyways
[13:17:24.258][DONE][CLIENT][DEBUG] Could not get class for type IData[] attempting to do stuff anyways
[13:17:24.264][DONE][CLIENT][DEBUG] This is loader 'crafttweaker' run #1
[13:17:24.271][DONE][CLIENT][INFO] Finished loading Scripts!
[13:17:35.079][DONE][CLIENT][INFO] Started loading Scripts for Loader 'crafttweaker'!
[13:17:35.099][DONE][CLIENT][DEBUG] Could not get class for type string[string] attempting to do stuff anyways
[13:17:35.099][DONE][CLIENT][DEBUG] Could not get class for type string[string] attempting to do stuff anyways
[13:17:35.099][DONE][CLIENT][DEBUG] Could not get class for type IData[string] attempting to do stuff anyways
[13:17:35.100][DONE][CLIENT][DEBUG] Could not get class for type IData[] attempting to do stuff anyways
[13:17:35.108][DONE][CLIENT][DEBUG] This is loader 'crafttweaker' run #2
[13:17:35.117][DONE][CLIENT][INFO] Finished loading Scripts!
[13:17:51.201][DONE][SERVER][INFO] Started loading Scripts for Loader 'crafttweaker'!
[13:17:51.216][DONE][SERVER][DEBUG] Could not get class for type string[string] attempting to do stuff anyways
[13:17:51.216][DONE][SERVER][DEBUG] Could not get class for type string[string] attempting to do stuff anyways
[13:17:51.216][DONE][SERVER][DEBUG] Could not get class for type IData[string] attempting to do stuff anyways
[13:17:51.217][DONE][SERVER][DEBUG] Could not get class for type IData[] attempting to do stuff anyways
[13:17:51.221][DONE][SERVER][DEBUG] This is loader 'crafttweaker' run #3
[13:17:51.227][DONE][SERVER][INFO] Finished loading Scripts!
